#
# A fatal error has been detected by the Java Runtime Environment:
#
#  SIGSEGV (0xb) at pc=0x000000011040c23c, pid=39834, tid=16899
#
# JRE version: Java(TM) SE Runtime Environment (8.0_11-b12) (build 1.8.0_11-b12)
# Java VM: Java HotSpot(TM) 64-Bit Server VM (25.11-b03 mixed mode bsd-amd64 compressed oops)
# Problematic frame:
# V  [libjvm.dylib+0x40c23c]  Method::checked_resolve_jmethod_id(_jmethodID*)+0x22
#
# Failed to write core dump. Core dumps have been disabled. To enable core dumping, try "ulimit -c unlimited" before starting Java again
#
# If you would like to submit a bug report, please visit:
#   http://bugreport.sun.com/bugreport/crash.jsp
#

---------------  T H R E A D  ---------------

Current thread (0x00007fbbf4016000):  JavaThread "JDWP Transport Listener: dt_socket" daemon [_thread_in_vm, id=16899, stack(0x0000700000ab8000,0x0000700000bb8000)]

siginfo:si_signo=SIGSEGV: si_errno=0, si_code=0 (SEGV0), si_addr=0x0000000000000000

Registers:
RAX=0x000000011040ef44, RBX=0x00000001108501f0, RCX=0x00000001107b0780, RDX=0x0000700000bb7a8b
RSP=0x0000700000bb79d0, RBP=0x0000700000bb79e0, RSI=0x00007fbbf4016000, RDI=0x00000001108501f0
R8 =0x0000000000000001, R9 =0x0000000000000000, R10=0x0000000000000002, R11=0x00007fbbf2500000
R12=0x00007fbbf4016000, R13=0x0000000122bea258, R14=0x0000000122bea258, R15=0x00007fbbf2607dd0
RIP=0x000000011040c23c, EFLAGS=0x0000000000010212, ERR=0x0000000000000000
  TRAPNO=0x000000000000000d

Top of Stack: (sp=0x0000700000bb79d0)
0x0000700000bb79d0:   0000700000bb7a8b 0000700000bb7a8b
0x0000700000bb79e0:   0000700000bb7a40 000000011032552a
0x0000700000bb79f0:   00007fbbf4016000 0000000000000000
0x0000700000bb7a00:   0000000000000000 0000000000000000
0x0000700000bb7a10:   00007fbbf4016000 00007fbbf4016000
0x0000700000bb7a20:   0000700000bb7a8b 0000700000bb7a90
0x0000700000bb7a30:   0000000122bea258 0000000000000005
0x0000700000bb7a40:   0000700000bb7a60 000000010f7007dc
0x0000700000bb7a50:   0000000000000001 0000700000bb7b08
0x0000700000bb7a60:   0000700000bb7ad0 000000010f6e5263
0x0000700000bb7a70:   0000700000bb7aa0 00007fbbf251bf10
0x0000700000bb7a80:   0000000600000032 0000000a00bb7b08
0x0000700000bb7a90:   0000000000000000 0000000000000000
0x0000700000bb7aa0:   0000000000000000 0000700000bb7c90
0x0000700000bb7ab0:   000000010f707eca 00007fbbf25192f0
0x0000700000bb7ac0:   0000700000bb7b08 000000010f713588
0x0000700000bb7ad0:   0000700000bb7ae0 000000010f6e535c
0x0000700000bb7ae0:   0000700000bb7d00 000000010f6ee8f6
0x0000700000bb7af0:   000039e700000013 00000000000f0200
0x0000700000bb7b00:   00007fbbf2519b10 00007fbbf251c761
0x0000700000bb7b10:   00007fbb00000227 00007fbbf2519310
0x0000700000bb7b20:   000000000000012c 0000700000bb7b58
0x0000700000bb7b30:   00007fbbf2519310 0000000000000000
0x0000700000bb7b40:   000039e70000001c 00007fff00005380
0x0000700000bb7b50:   0000700000bb7b58 bb7f000006000000
0x0000700000bb7b60:   06000000b09e71f2 00003e74696e693c
0x0000700000bb7b70:   0000005629280300 7f00000100000000
0x0000700000bb7b80:   000000b89e71f2bb 0000006e69616d04
0x0000700000bb7b90:   6176616a4c5b2816 74532f676e616c2f
0x0000700000bb7ba0:   0056293b676e6972 0009000000000000
0x0000700000bb7bb0:   00c09e71f2bb7f00 77654e7349110000
0x0000700000bb7bc0:   6946724f74736554 270000006873696e 

Instructions: (pc=0x000000011040c23c)
0x000000011040c21c:   89 e5 53 48 83 ec 08 48 85 ff 74 24 48 8b 1f 48
0x000000011040c22c:   85 db 74 1c 48 83 fb 37 74 16 48 8b 03 48 89 df
0x000000011040c23c:   ff 50 08 84 c0 b8 00 00 00 00 48 0f 45 c3 eb 02
0x000000011040c24c:   31 c0 48 83 c4 08 5b 5d c3 90 55 48 89 e5 48 8b 

Register to memory mapping:

RAX=0x000000011040ef44: _ZNVK8Metadata8is_klassEv+0 in /Library/Java/JavaVirtualMachines/jdk1.8.0_11.jdk/Contents/Home/jre/lib/server/libjvm.dylib at 0x0000000110000000
RBX=0x00000001108501f0: _ZTV6Method+0x10 in /Library/Java/JavaVirtualMachines/jdk1.8.0_11.jdk/Contents/Home/jre/lib/server/libjvm.dylib at 0x0000000110000000
RCX=0x00000001107b0780: UseMembar+0 in /Library/Java/JavaVirtualMachines/jdk1.8.0_11.jdk/Contents/Home/jre/lib/server/libjvm.dylib at 0x0000000110000000
RDX=0x0000700000bb7a8b is pointing into the stack for thread: 0x00007fbbf4016000
RSP=0x0000700000bb79d0 is pointing into the stack for thread: 0x00007fbbf4016000
RBP=0x0000700000bb79e0 is pointing into the stack for thread: 0x00007fbbf4016000
RSI=0x00007fbbf4016000 is a thread
RDI=0x00000001108501f0: _ZTV6Method+0x10 in /Library/Java/JavaVirtualMachines/jdk1.8.0_11.jdk/Contents/Home/jre/lib/server/libjvm.dylib at 0x0000000110000000
R8 =0x0000000000000001 is an unknown value
R9 =0x0000000000000000 is an unknown value
R10=0x0000000000000002 is an unknown value
R11=0x00007fbbf2500000 is an unknown value
R12=0x00007fbbf4016000 is a thread
R13=0x0000000122bea258 is an unknown value
R14=0x0000000122bea258 is an unknown value
R15=0x00007fbbf2607dd0 is an unknown value


Stack: [0x0000700000ab8000,0x0000700000bb8000],  sp=0x0000700000bb79d0,  free space=1022k
Native frames: (J=compiled Java code, j=interpreted, Vv=VM code, C=native code)
V  [libjvm.dylib+0x40c23c]  Method::checked_resolve_jmethod_id(_jmethodID*)+0x22
V  [libjvm.dylib+0x32552a]  jvmti_IsMethodSynthetic+0xb2
C  [libjdwp.dylib+0x207dc]  isMethodSynthetic+0x63
C  [libjdwp.dylib+0x5263]  methods1+0x10b
C  [libjdwp.dylib+0x535c]  methodsWithGeneric+0xe
C  [libjdwp.dylib+0xe8f6]  debugLoop_run+0x1ce
C  [libjdwp.dylib+0x1f716]  attachThread+0x4d
V  [libjvm.dylib+0x36659a]  JvmtiAgentThread::call_start_function()+0x38
V  [libjvm.dylib+0x51d86d]  JavaThread::thread_main_inner()+0x9b
V  [libjvm.dylib+0x51efaa]  JavaThread::run()+0x1c2
V  [libjvm.dylib+0x446026]  java_start(Thread*)+0xf6
C  [libsystem_pthread.dylib+0x3c13]  _pthread_body+0x83
C  [libsystem_pthread.dylib+0x3b90]  _pthread_body+0x0
C  [libsystem_pthread.dylib+0x1375]  thread_start+0xd


---------------  P R O C E S S  ---------------

Java Threads: ( => current thread )
  0x00007fbbf401a000 JavaThread "Service Thread" daemon [_thread_blocked, id=19971, stack(0x00007000010ca000,0x00007000011ca000)]
  0x00007fbbf4019000 JavaThread "C1 CompilerThread2" daemon [_thread_blocked, id=19459, stack(0x0000700000fc7000,0x00007000010c7000)]
  0x00007fbbf4018800 JavaThread "C2 CompilerThread1" daemon [_thread_blocked, id=18947, stack(0x0000700000ec4000,0x0000700000fc4000)]
  0x00007fbbf2820800 JavaThread "C2 CompilerThread0" daemon [_thread_blocked, id=18435, stack(0x0000700000dc1000,0x0000700000ec1000)]
  0x00007fbbf2816000 JavaThread "JDWP Command Reader" daemon [_thread_in_native, id=17923, stack(0x0000700000cbe000,0x0000700000dbe000)]
  0x00007fbbf4017000 JavaThread "JDWP Event Helper Thread" daemon [_thread_blocked, id=17411, stack(0x0000700000bbb000,0x0000700000cbb000)]
=>0x00007fbbf4016000 JavaThread "JDWP Transport Listener: dt_socket" daemon [_thread_in_vm, id=16899, stack(0x0000700000ab8000,0x0000700000bb8000)]
  0x00007fbbf385a000 JavaThread "Signal Dispatcher" daemon [_thread_blocked, id=13839, stack(0x00007000009b5000,0x0000700000ab5000)]
  0x00007fbbf3006000 JavaThread "Finalizer" daemon [_thread_blocked, id=12291, stack(0x000070000082f000,0x000070000092f000)]
  0x00007fbbf3826000 JavaThread "Reference Handler" daemon [_thread_blocked, id=11779, stack(0x000070000072c000,0x000070000082c000)]
  0x00007fbbf2806000 JavaThread "main" [_thread_in_native, id=5891, stack(0x000070000011a000,0x000070000021a000)]

Other Threads:
  0x00007fbbf3821800 VMThread [stack: 0x0000700000629000,0x0000700000729000] [id=11267]
  0x00007fbbf303c800 WatcherThread [stack: 0x00007000011cd000,0x00007000012cd000] [id=20483]

VM state:not at safepoint (normal execution)

VM Mutex/Monitor currently owned by a thread: None

Heap:
 PSYoungGen      total 1024K, used 504K [0x00000007aab00000, 0x00000007aad00000, 0x00000007c0000000)
  eden space 512K, 4% used [0x00000007aab00000,0x00000007aab06008,0x00000007aab80000)
  from space 512K, 93% used [0x00000007aac00000,0x00000007aac78020,0x00000007aac80000)
  to   space 512K, 0% used [0x00000007aab80000,0x00000007aab80000,0x00000007aac00000)
 ParOldGen       total 64000K, used 184K [0x0000000780000000, 0x0000000783e80000, 0x00000007aab00000)
  object space 64000K, 0% used [0x0000000780000000,0x000000078002e000,0x0000000783e80000)
 Metaspace       used 3495K, capacity 4630K, committed 4864K, reserved 1056768K
  class space    used 389K, capacity 390K, committed 512K, reserved 1048576K

Card table byte_map: [0x0000000120281000,0x0000000120482000] byte_map_base: 0x000000011c681000

Marking Bits: (ParMarkBitMap*) 0x00000001108670a0
 Begin Bits: [0x00000001205d8000, 0x00000001215d8000)
 End Bits:   [0x00000001215d8000, 0x00000001225d8000)

Polling page: 0x000000010f6df000

CodeCache: size=245760Kb used=1187Kb max_used=1197Kb free=244572Kb
 bounds [0x0000000110ec1000, 0x0000000111131000, 0x000000011fec1000]
 total_blobs=289 nmethods=55 adapters=158
 compilation: enabled

Compilation events (10 events):
Event: 0.287 Thread 0x00007fbbf4019000   50       3       java.util.StringTokenizer::skipDelimiters (116 bytes)
Event: 0.289 Thread 0x00007fbbf4019000 nmethod 50 0x0000000110fe4c10 code [0x0000000110fe4e20, 0x0000000110fe5998]
Event: 0.289 Thread 0x00007fbbf4018800   52       4       java.lang.String::hashCode (55 bytes)
Event: 0.293 Thread 0x00007fbbf4019000   53       3       java.lang.AbstractStringBuilder::<init> (12 bytes)
Event: 0.293 Thread 0x00007fbbf4019000 nmethod 53 0x0000000110fea510 code [0x0000000110fea680, 0x0000000110fea8d0]
Event: 0.293 Thread 0x00007fbbf4019000   54       3       java.util.concurrent.ConcurrentHashMap::spread (10 bytes)
Event: 0.293 Thread 0x00007fbbf4018800 nmethod 52 0x0000000110fec210 code [0x0000000110fec360, 0x0000000110fec4f8]
Event: 0.293 Thread 0x00007fbbf4019000 nmethod 54 0x0000000110fea210 code [0x0000000110fea360, 0x0000000110fea490]
Event: 19666.346 Thread 0x00007fbbf4019000   55       1       java.lang.String::length (6 bytes)
Event: 19666.347 Thread 0x00007fbbf4019000 nmethod 55 0x0000000110fe9f10 code [0x0000000110fea060, 0x0000000110fea170]

GC Heap History (4 events):
Event: 0.244 GC heap before
{Heap before GC invocations=1 (full 0):
 PSYoungGen      total 1024K, used 512K [0x00000007aab00000, 0x00000007aac80000, 0x00000007c0000000)
  eden space 512K, 100% used [0x00000007aab00000,0x00000007aab80000,0x00000007aab80000)
  from space 512K, 0% used [0x00000007aac00000,0x00000007aac00000,0x00000007aac80000)
  to   space 512K, 0% used [0x00000007aab80000,0x00000007aab80000,0x00000007aac00000)
 ParOldGen       total 64000K, used 0K [0x0000000780000000, 0x0000000783e80000, 0x00000007aab00000)
  object space 64000K, 0% used [0x0000000780000000,0x0000000780000000,0x0000000783e80000)
 Metaspace       used 2519K, capacity 4480K, committed 4480K, reserved 1056768K
  class space    used 268K, capacity 384K, committed 384K, reserved 1048576K
Event: 0.245 GC heap after
Heap after GC invocations=1 (full 0):
 PSYoungGen      total 1024K, used 464K [0x00000007aab00000, 0x00000007aac80000, 0x00000007c0000000)
  eden space 512K, 0% used [0x00000007aab00000,0x00000007aab00000,0x00000007aab80000)
  from space 512K, 90% used [0x00000007aab80000,0x00000007aabf4010,0x00000007aac00000)
  to   space 512K, 0% used [0x00000007aac00000,0x00000007aac00000,0x00000007aac80000)
 ParOldGen       total 64000K, used 8K [0x0000000780000000, 0x0000000783e80000, 0x00000007aab00000)
  object space 64000K, 0% used [0x0000000780000000,0x0000000780002000,0x0000000783e80000)
 Metaspace       used 2519K, capacity 4480K, committed 4480K, reserved 1056768K
  class space    used 268K, capacity 384K, committed 384K, reserved 1048576K
}
Event: 0.289 GC heap before
{Heap before GC invocations=2 (full 0):
 PSYoungGen      total 1024K, used 976K [0x00000007aab00000, 0x00000007aac80000, 0x00000007c0000000)
  eden space 512K, 100% used [0x00000007aab00000,0x00000007aab80000,0x00000007aab80000)
  from space 512K, 90% used [0x00000007aab80000,0x00000007aabf4010,0x00000007aac00000)
  to   space 512K, 0% used [0x00000007aac00000,0x00000007aac00000,0x00000007aac80000)
 ParOldGen       total 64000K, used 8K [0x0000000780000000, 0x0000000783e80000, 0x00000007aab00000)
  object space 64000K, 0% used [0x0000000780000000,0x0000000780002000,0x0000000783e80000)
 Metaspace       used 3322K, capacity 4486K, committed 4864K, reserved 1056768K
  class space    used 375K, capacity 386K, committed 512K, reserved 1048576K
Event: 0.290 GC heap after
Heap after GC invocations=2 (full 0):
 PSYoungGen      total 1024K, used 480K [0x00000007aab00000, 0x00000007aad00000, 0x00000007c0000000)
  eden space 512K, 0% used [0x00000007aab00000,0x00000007aab00000,0x00000007aab80000)
  from space 512K, 93% used [0x00000007aac00000,0x00000007aac78020,0x00000007aac80000)
  to   space 512K, 0% used [0x00000007aab80000,0x00000007aab80000,0x00000007aac00000)
 ParOldGen       total 64000K, used 184K [0x0000000780000000, 0x0000000783e80000, 0x00000007aab00000)
  object space 64000K, 0% used [0x0000000780000000,0x000000078002e000,0x0000000783e80000)
 Metaspace       used 3322K, capacity 4486K, committed 4864K, reserved 1056768K
  class space    used 375K, capacity 386K, committed 512K, reserved 1048576K
}

Deoptimization events (0 events):
No events

Internal exceptions (10 events):
Event: 0.275 Thread 0x00007fbbf2806000 Exception <a 'java/security/PrivilegedActionException'> (0x00000007aab4d0c0) thrown at [/HUDSON3/workspace/8-2-build-macosx-x86_64/jdk8u11/648/hotspot/src/share/vm/prims/jvm.cpp, line 1248]
Event: 0.275 Thread 0x00007fbbf2806000 Exception <a 'java/security/PrivilegedActionException'> (0x00000007aab4d278) thrown at [/HUDSON3/workspace/8-2-build-macosx-x86_64/jdk8u11/648/hotspot/src/share/vm/prims/jvm.cpp, line 1248]
Event: 0.276 Thread 0x00007fbbf2806000 Exception <a 'java/security/PrivilegedActionException'> (0x00000007aab506a8) thrown at [/HUDSON3/workspace/8-2-build-macosx-x86_64/jdk8u11/648/hotspot/src/share/vm/prims/jvm.cpp, line 1248]
Event: 0.276 Thread 0x00007fbbf2806000 Exception <a 'java/security/PrivilegedActionException'> (0x00000007aab50860) thrown at [/HUDSON3/workspace/8-2-build-macosx-x86_64/jdk8u11/648/hotspot/src/share/vm/prims/jvm.cpp, line 1248]
Event: 0.280 Thread 0x00007fbbf2806000 Exception <a 'java/security/PrivilegedActionException'> (0x00000007aab55ea8) thrown at [/HUDSON3/workspace/8-2-build-macosx-x86_64/jdk8u11/648/hotspot/src/share/vm/prims/jvm.cpp, line 1248]
Event: 0.280 Thread 0x00007fbbf2806000 Exception <a 'java/security/PrivilegedActionException'> (0x00000007aab57040) thrown at [/HUDSON3/workspace/8-2-build-macosx-x86_64/jdk8u11/648/hotspot/src/share/vm/prims/jvm.cpp, line 1248]
Event: 0.287 Thread 0x00007fbbf2806000 Exception <a 'java/security/PrivilegedActionException'> (0x00000007aab6a5c8) thrown at [/HUDSON3/workspace/8-2-build-macosx-x86_64/jdk8u11/648/hotspot/src/share/vm/prims/jvm.cpp, line 1248]
Event: 0.287 Thread 0x00007fbbf2806000 Exception <a 'java/security/PrivilegedActionException'> (0x00000007aab6ba60) thrown at [/HUDSON3/workspace/8-2-build-macosx-x86_64/jdk8u11/648/hotspot/src/share/vm/prims/jvm.cpp, line 1248]
Event: 0.287 Thread 0x00007fbbf2806000 Exception <a 'java/security/PrivilegedActionException'> (0x00000007aab6e288) thrown at [/HUDSON3/workspace/8-2-build-macosx-x86_64/jdk8u11/648/hotspot/src/share/vm/prims/jvm.cpp, line 1248]
Event: 0.287 Thread 0x00007fbbf2806000 Exception <a 'java/security/PrivilegedActionException'> (0x00000007aab6f7d0) thrown at [/HUDSON3/workspace/8-2-build-macosx-x86_64/jdk8u11/648/hotspot/src/share/vm/prims/jvm.cpp, line 1248]

Events (10 events):
Event: 21194.607 Executing VM operation: RedefineClasses
Event: 21194.612 Executing VM operation: RedefineClasses done
Event: 21194.617 Executing VM operation: ChangeBreakpoints
Event: 21194.617 Executing VM operation: ChangeBreakpoints done
Event: 21270.232 Executing VM operation: RedefineClasses
Event: 21270.233 Executing VM operation: RedefineClasses done
Event: 21270.236 Executing VM operation: ChangeBreakpoints
Event: 21270.237 Executing VM operation: ChangeBreakpoints done
Event: 21414.768 Executing VM operation: RedefineClasses
Event: 21414.769 Executing VM operation: RedefineClasses done


Dynamic libraries:
0x00000000057ea000 	/System/Library/Frameworks/Cocoa.framework/Versions/A/Cocoa
0x00000000057ea000 	/System/Library/Frameworks/Security.framework/Versions/A/Security
0x00000000057ea000 	/System/Library/Frameworks/ApplicationServices.framework/Versions/A/ApplicationServices
0x00000000057ea000 	/usr/lib/libz.1.dylib
0x00000000057ea000 	/usr/lib/libSystem.B.dylib
0x00000000057ea000 	/usr/lib/libobjc.A.dylib
0x00000000057ea000 	/System/Library/Frameworks/CoreFoundation.framework/Versions/A/CoreFoundation
0x00000000057ea000 	/System/Library/Frameworks/Foundation.framework/Versions/C/Foundation
0x00000000057ea000 	/System/Library/Frameworks/AppKit.framework/Versions/C/AppKit
0x00000000057ea000 	/System/Library/Frameworks/CoreData.framework/Versions/A/CoreData
0x00000000057ea000 	/System/Library/PrivateFrameworks/RemoteViewServices.framework/Versions/A/RemoteViewServices
0x00000000057ea000 	/System/Library/PrivateFrameworks/UIFoundation.framework/Versions/A/UIFoundation
0x00000000057ea000 	/usr/lib/libScreenReader.dylib
0x00000000057ea000 	/System/Library/Frameworks/Accelerate.framework/Versions/A/Accelerate
0x00000000057ea000 	/System/Library/Frameworks/IOSurface.framework/Versions/A/IOSurface
0x00000000057ea000 	/System/Library/Frameworks/AudioToolbox.framework/Versions/A/AudioToolbox
0x00000000057ea000 	/System/Library/Frameworks/AudioUnit.framework/Versions/A/AudioUnit
0x00000000057ea000 	/System/Library/PrivateFrameworks/DataDetectorsCore.framework/Versions/A/DataDetectorsCore
0x00000000057ea000 	/System/Library/PrivateFrameworks/DesktopServicesPriv.framework/Versions/A/DesktopServicesPriv
0x00000000057ea000 	/System/Library/Frameworks/Carbon.framework/Versions/A/Frameworks/HIToolbox.framework/Versions/A/HIToolbox
0x00000000057ea000 	/System/Library/Frameworks/QuartzCore.framework/Versions/A/QuartzCore
0x00000000057ea000 	/System/Library/Frameworks/Carbon.framework/Versions/A/Frameworks/SpeechRecognition.framework/Versions/A/SpeechRecognition
0x00000000057ea000 	/usr/lib/libauto.dylib
0x00000000057ea000 	/usr/lib/libicucore.A.dylib
0x00000000057ea000 	/usr/lib/libxml2.2.dylib
0x00000000057ea000 	/System/Library/PrivateFrameworks/CoreUI.framework/Versions/A/CoreUI
0x00000000057ea000 	/System/Library/Frameworks/CoreAudio.framework/Versions/A/CoreAudio
0x00000000057ea000 	/System/Library/Frameworks/DiskArbitration.framework/Versions/A/DiskArbitration
0x00000000057ea000 	/usr/lib/liblangid.dylib
0x00000000057ea000 	/System/Library/PrivateFrameworks/MultitouchSupport.framework/Versions/A/MultitouchSupport
0x00000000057ea000 	/System/Library/Frameworks/IOKit.framework/Versions/A/IOKit
0x00000000057ea000 	/usr/lib/libDiagnosticMessagesClient.dylib
0x00000000057ea000 	/System/Library/Frameworks/CoreServices.framework/Versions/A/CoreServices
0x00000000057ea000 	/System/Library/PrivateFrameworks/PerformanceAnalysis.framework/Versions/A/PerformanceAnalysis
0x00000000057ea000 	/System/Library/PrivateFrameworks/GenerationalStorage.framework/Versions/A/GenerationalStorage
0x00000000057ea000 	/System/Library/Frameworks/OpenGL.framework/Versions/A/OpenGL
0x00000000057ea000 	/System/Library/PrivateFrameworks/Sharing.framework/Versions/A/Sharing
0x00000000057ea000 	/System/Library/Frameworks/CoreGraphics.framework/Versions/A/CoreGraphics
0x00000000057ea000 	/System/Library/Frameworks/CoreImage.framework/Versions/A/CoreImage
0x00000000057ea000 	/System/Library/Frameworks/CoreText.framework/Versions/A/CoreText
0x00000000057ea000 	/System/Library/Frameworks/ImageIO.framework/Versions/A/ImageIO
0x00000000057ea000 	/System/Library/PrivateFrameworks/Backup.framework/Versions/A/Backup
0x00000000057ea000 	/usr/lib/libextension.dylib
0x00000000057ea000 	/usr/lib/libarchive.2.dylib
0x00000000057ea000 	/System/Library/Frameworks/CFNetwork.framework/Versions/A/CFNetwork
0x00000000057ea000 	/System/Library/Frameworks/SystemConfiguration.framework/Versions/A/SystemConfiguration
0x00000000057ea000 	/usr/lib/libCRFSuite.dylib
0x00000000057ea000 	/usr/lib/libc++.1.dylib
0x00000000057ea000 	/usr/lib/libc++abi.dylib
0x00000000057ea000 	/usr/lib/system/libcache.dylib
0x00000000057ea000 	/usr/lib/system/libcommonCrypto.dylib
0x00000000057ea000 	/usr/lib/system/libcompiler_rt.dylib
0x00000000057ea000 	/usr/lib/system/libcopyfile.dylib
0x00000000057ea000 	/usr/lib/system/libcorecrypto.dylib
0x00000000057ea000 	/usr/lib/system/libdispatch.dylib
0x00000000057ea000 	/usr/lib/system/libdyld.dylib
0x00000000057ea000 	/usr/lib/system/libkeymgr.dylib
0x00000000057ea000 	/usr/lib/system/liblaunch.dylib
0x00000000057ea000 	/usr/lib/system/libmacho.dylib
0x00000000057ea000 	/usr/lib/system/libquarantine.dylib
0x00000000057ea000 	/usr/lib/system/libremovefile.dylib
0x00000000057ea000 	/usr/lib/system/libsystem_asl.dylib
0x00000000057ea000 	/usr/lib/system/libsystem_blocks.dylib
0x00000000057ea000 	/usr/lib/system/libsystem_c.dylib
0x00000000057ea000 	/usr/lib/system/libsystem_configuration.dylib
0x00000000057ea000 	/usr/lib/system/libsystem_coreservices.dylib
0x00000000057ea000 	/usr/lib/system/libsystem_coretls.dylib
0x00000000057ea000 	/usr/lib/system/libsystem_dnssd.dylib
0x00000000057ea000 	/usr/lib/system/libsystem_info.dylib
0x00000000057ea000 	/usr/lib/system/libsystem_kernel.dylib
0x00000000057ea000 	/usr/lib/system/libsystem_m.dylib
0x00000000057ea000 	/usr/lib/system/libsystem_malloc.dylib
0x00000000057ea000 	/usr/lib/system/libsystem_network.dylib
0x00000000057ea000 	/usr/lib/system/libsystem_networkextension.dylib
0x00000000057ea000 	/usr/lib/system/libsystem_notify.dylib
0x00000000057ea000 	/usr/lib/system/libsystem_platform.dylib
0x00000000057ea000 	/usr/lib/system/libsystem_pthread.dylib
0x00000000057ea000 	/usr/lib/system/libsystem_sandbox.dylib
0x00000000057ea000 	/usr/lib/system/libsystem_secinit.dylib
0x00000000057ea000 	/usr/lib/system/libsystem_trace.dylib
0x00000000057ea000 	/usr/lib/system/libunc.dylib
0x00000000057ea000 	/usr/lib/system/libunwind.dylib
0x00000000057ea000 	/usr/lib/system/libxpc.dylib
0x00000000057ea000 	/usr/lib/libenergytrace.dylib
0x00000000057ea000 	/usr/lib/libbsm.0.dylib
0x00000000057ea000 	/usr/lib/system/libkxld.dylib
0x00000000057ea000 	/usr/lib/libxar.1.dylib
0x00000000057ea000 	/usr/lib/libsqlite3.dylib
0x00000000057ea000 	/usr/lib/libpam.2.dylib
0x00000000057ea000 	/usr/lib/libOpenScriptingUtil.dylib
0x00000000057ea000 	/usr/lib/libbz2.1.0.dylib
0x00000000057ea000 	/usr/lib/liblzma.5.dylib
0x00000000057ea000 	/System/Library/Frameworks/CoreServices.framework/Versions/A/Frameworks/FSEvents.framework/Versions/A/FSEvents
0x00000000057ea000 	/System/Library/Frameworks/CoreServices.framework/Versions/A/Frameworks/CarbonCore.framework/Versions/A/CarbonCore
0x00000000057ea000 	/System/Library/Frameworks/CoreServices.framework/Versions/A/Frameworks/Metadata.framework/Versions/A/Metadata
0x00000000057ea000 	/System/Library/Frameworks/CoreServices.framework/Versions/A/Frameworks/OSServices.framework/Versions/A/OSServices
0x00000000057ea000 	/System/Library/Frameworks/CoreServices.framework/Versions/A/Frameworks/SearchKit.framework/Versions/A/SearchKit
0x00000000057ea000 	/System/Library/Frameworks/CoreServices.framework/Versions/A/Frameworks/AE.framework/Versions/A/AE
0x00000000057ea000 	/System/Library/Frameworks/CoreServices.framework/Versions/A/Frameworks/LaunchServices.framework/Versions/A/LaunchServices
0x00000000057ea000 	/System/Library/Frameworks/CoreServices.framework/Versions/A/Frameworks/DictionaryServices.framework/Versions/A/DictionaryServices
0x00000000057ea000 	/System/Library/Frameworks/CoreServices.framework/Versions/A/Frameworks/SharedFileList.framework/Versions/A/SharedFileList
0x00000000057ea000 	/System/Library/Frameworks/NetFS.framework/Versions/A/NetFS
0x00000000057ea000 	/System/Library/PrivateFrameworks/NetAuth.framework/Versions/A/NetAuth
0x00000000057ea000 	/System/Library/PrivateFrameworks/login.framework/Versions/A/Frameworks/loginsupport.framework/Versions/A/loginsupport
0x00000000057ea000 	/System/Library/PrivateFrameworks/TCC.framework/Versions/A/TCC
0x00000000057ea000 	/usr/lib/libmecabra.dylib
0x00000000057ea000 	/System/Library/Frameworks/ApplicationServices.framework/Versions/A/Frameworks/ATS.framework/Versions/A/ATS
0x00000000057ea000 	/System/Library/Frameworks/ApplicationServices.framework/Versions/A/Frameworks/ColorSync.framework/Versions/A/ColorSync
0x00000000057ea000 	/System/Library/Frameworks/ApplicationServices.framework/Versions/A/Frameworks/HIServices.framework/Versions/A/HIServices
0x00000000057ea000 	/System/Library/Frameworks/ApplicationServices.framework/Versions/A/Frameworks/LangAnalysis.framework/Versions/A/LangAnalysis
0x00000000057ea000 	/System/Library/Frameworks/ApplicationServices.framework/Versions/A/Frameworks/PrintCore.framework/Versions/A/PrintCore
0x00000000057ea000 	/System/Library/Frameworks/ApplicationServices.framework/Versions/A/Frameworks/QD.framework/Versions/A/QD
0x00000000057ea000 	/System/Library/Frameworks/ApplicationServices.framework/Versions/A/Frameworks/SpeechSynthesis.framework/Versions/A/SpeechSynthesis
0x00000000057ea000 	/System/Library/Frameworks/Metal.framework/Versions/A/Metal
0x00000000057ea000 	/System/Library/Frameworks/Accelerate.framework/Versions/A/Frameworks/vImage.framework/Versions/A/vImage
0x00000000057ea000 	/System/Library/Frameworks/Accelerate.framework/Versions/A/Frameworks/vecLib.framework/Versions/A/vecLib
0x00000000057ea000 	/System/Library/Frameworks/Accelerate.framework/Versions/A/Frameworks/vecLib.framework/Versions/A/libvDSP.dylib
0x00000000057ea000 	/System/Library/Frameworks/Accelerate.framework/Versions/A/Frameworks/vecLib.framework/Versions/A/libvMisc.dylib
0x00000000057ea000 	/System/Library/Frameworks/Accelerate.framework/Versions/A/Frameworks/vecLib.framework/Versions/A/libLAPACK.dylib
0x00000000057ea000 	/System/Library/Frameworks/Accelerate.framework/Versions/A/Frameworks/vecLib.framework/Versions/A/libBLAS.dylib
0x00000000057ea000 	/System/Library/Frameworks/Accelerate.framework/Versions/A/Frameworks/vecLib.framework/Versions/A/libLinearAlgebra.dylib
0x00000000057ea000 	/System/Library/Frameworks/Accelerate.framework/Versions/A/Frameworks/vecLib.framework/Versions/A/libSparseBLAS.dylib
0x00000000057ea000 	/System/Library/PrivateFrameworks/GPUCompiler.framework/libmetal_timestamp.dylib
0x00000000057ea000 	/System/Library/Frameworks/OpenGL.framework/Versions/A/Libraries/libCoreFSCache.dylib
0x00000000057ea000 	/System/Library/PrivateFrameworks/IOAccelerator.framework/Versions/A/IOAccelerator
0x00000000057ea000 	/System/Library/Frameworks/ApplicationServices.framework/Versions/A/Frameworks/ATS.framework/Versions/A/Resources/libFontParser.dylib
0x00000000057ea000 	/System/Library/Frameworks/ApplicationServices.framework/Versions/A/Frameworks/ATS.framework/Versions/A/Resources/libFontRegistry.dylib
0x00000000057ea000 	/System/Library/PrivateFrameworks/AppleVPA.framework/Versions/A/AppleVPA
0x00000000057ea000 	/System/Library/PrivateFrameworks/AppleJPEG.framework/Versions/A/AppleJPEG
0x00000000057ea000 	/System/Library/Frameworks/ImageIO.framework/Versions/A/Resources/libJPEG.dylib
0x00000000057ea000 	/System/Library/Frameworks/ImageIO.framework/Versions/A/Resources/libTIFF.dylib
0x00000000057ea000 	/System/Library/Frameworks/ImageIO.framework/Versions/A/Resources/libPng.dylib
0x00000000057ea000 	/System/Library/Frameworks/ImageIO.framework/Versions/A/Resources/libGIF.dylib
0x00000000057ea000 	/System/Library/Frameworks/ImageIO.framework/Versions/A/Resources/libJP2.dylib
0x00000000057ea000 	/System/Library/Frameworks/ImageIO.framework/Versions/A/Resources/libRadiance.dylib
0x00000000057ea000 	/System/Library/Frameworks/CoreVideo.framework/Versions/A/CoreVideo
0x00000000057ea000 	/System/Library/Frameworks/OpenGL.framework/Versions/A/Libraries/libGLU.dylib
0x00000000057ea000 	/System/Library/Frameworks/OpenGL.framework/Versions/A/Libraries/libGFXShared.dylib
0x00000000057ea000 	/System/Library/Frameworks/OpenGL.framework/Versions/A/Libraries/libGL.dylib
0x00000000057ea000 	/System/Library/Frameworks/OpenGL.framework/Versions/A/Libraries/libGLImage.dylib
0x00000000057ea000 	/System/Library/Frameworks/OpenGL.framework/Versions/A/Libraries/libCVMSPluginSupport.dylib
0x00000000057ea000 	/System/Library/Frameworks/OpenGL.framework/Versions/A/Libraries/libCoreVMClient.dylib
0x00000000057ea000 	/usr/lib/libcups.2.dylib
0x00000000057ea000 	/System/Library/Frameworks/Kerberos.framework/Versions/A/Kerberos
0x00000000057ea000 	/System/Library/Frameworks/GSS.framework/Versions/A/GSS
0x00000000057ea000 	/usr/lib/libresolv.9.dylib
0x00000000057ea000 	/usr/lib/libiconv.2.dylib
0x00000000057ea000 	/System/Library/PrivateFrameworks/Heimdal.framework/Versions/A/Heimdal
0x00000000057ea000 	/usr/lib/libheimdal-asn1.dylib
0x00000000057ea000 	/System/Library/Frameworks/OpenDirectory.framework/Versions/A/OpenDirectory
0x00000000057ea000 	/System/Library/PrivateFrameworks/CommonAuth.framework/Versions/A/CommonAuth
0x00000000057ea000 	/System/Library/Frameworks/OpenDirectory.framework/Versions/A/Frameworks/CFOpenDirectory.framework/Versions/A/CFOpenDirectory
0x00000000057ea000 	/System/Library/Frameworks/SecurityFoundation.framework/Versions/A/SecurityFoundation
0x00000000057ea000 	/System/Library/PrivateFrameworks/LanguageModeling.framework/Versions/A/LanguageModeling
0x00000000057ea000 	/usr/lib/libmarisa.dylib
0x00000000057ea000 	/usr/lib/libChineseTokenizer.dylib
0x00000000057ea000 	/usr/lib/libcmph.dylib
0x00000000057ea000 	/usr/lib/libcompression.dylib
0x00000000057ea000 	/System/Library/Frameworks/ServiceManagement.framework/Versions/A/ServiceManagement
0x00000000057ea000 	/usr/lib/libxslt.1.dylib
0x00000000057ea000 	/System/Library/Frameworks/Carbon.framework/Versions/A/Frameworks/Ink.framework/Versions/A/Ink
0x00000000057ea000 	/usr/lib/libFosl_dynamic.dylib
0x00000000057ea000 	/System/Library/PrivateFrameworks/FaceCore.framework/Versions/A/FaceCore
0x00000000057ea000 	/System/Library/Frameworks/OpenCL.framework/Versions/A/OpenCL
0x00000000057ea000 	/System/Library/PrivateFrameworks/CrashReporterSupport.framework/Versions/A/CrashReporterSupport
0x00000000057ea000 	/System/Library/PrivateFrameworks/IconServices.framework/Versions/A/IconServices
0x00000000057ea000 	/System/Library/PrivateFrameworks/Apple80211.framework/Versions/A/Apple80211
0x00000000057ea000 	/System/Library/Frameworks/CoreWLAN.framework/Versions/A/CoreWLAN
0x00000000057ea000 	/System/Library/Frameworks/IOBluetooth.framework/Versions/A/IOBluetooth
0x00000000057ea000 	/System/Library/PrivateFrameworks/CoreWiFi.framework/Versions/A/CoreWiFi
0x00000000057ea000 	/System/Library/Frameworks/CoreBluetooth.framework/Versions/A/CoreBluetooth
0x00000000057ea000 	/System/Library/PrivateFrameworks/ChunkingLibrary.framework/Versions/A/ChunkingLibrary
0x00000000057ea000 	/System/Library/PrivateFrameworks/DebugSymbols.framework/Versions/A/DebugSymbols
0x00000000057ea000 	/System/Library/PrivateFrameworks/CoreSymbolication.framework/Versions/A/CoreSymbolication
0x00000000057ea000 	/System/Library/PrivateFrameworks/Symbolication.framework/Versions/A/Symbolication
0x00000000057ea000 	/System/Library/PrivateFrameworks/SpeechRecognitionCore.framework/Versions/A/SpeechRecognitionCore
0x0000000110000000 	/Library/Java/JavaVirtualMachines/jdk1.8.0_11.jdk/Contents/Home/jre/lib/server/libjvm.dylib
0x00000000057ea000 	/usr/lib/libstdc++.6.dylib
0x000000010f69d000 	/Library/Java/JavaVirtualMachines/jdk1.8.0_11.jdk/Contents/Home/jre/lib/libverify.dylib
0x000000010f6ab000 	/Library/Java/JavaVirtualMachines/jdk1.8.0_11.jdk/Contents/Home/jre/lib/libjava.dylib
0x000000010f6e0000 	/Library/Java/JavaVirtualMachines/jdk1.8.0_11.jdk/Contents/Home/jre/lib/libjdwp.dylib
0x000000010f72b000 	/Library/Java/JavaVirtualMachines/jdk1.8.0_11.jdk/Contents/Home/jre/lib/libnpt.dylib
0x000000010f738000 	/Library/Java/JavaVirtualMachines/jdk1.8.0_11.jdk/Contents/Home/jre/lib/libzip.dylib
0x0000000124200000 	/System/Library/Frameworks/JavaVM.framework/Frameworks/JavaRuntimeSupport.framework/JavaRuntimeSupport
0x000000012421b000 	/System/Library/Frameworks/JavaVM.framework/Versions/A/Frameworks/JavaNativeFoundation.framework/Versions/A/JavaNativeFoundation
0x0000000124230000 	/System/Library/Frameworks/JavaVM.framework/Versions/A/JavaVM
0x00000000057ea000 	/System/Library/Frameworks/Carbon.framework/Versions/A/Carbon
0x000000012423d000 	/System/Library/PrivateFrameworks/JavaLaunching.framework/Versions/A/JavaLaunching
0x00000000057ea000 	/System/Library/Frameworks/Carbon.framework/Versions/A/Frameworks/CommonPanels.framework/Versions/A/CommonPanels
0x00000000057ea000 	/System/Library/Frameworks/Carbon.framework/Versions/A/Frameworks/Help.framework/Versions/A/Help
0x00000000057ea000 	/System/Library/Frameworks/Carbon.framework/Versions/A/Frameworks/ImageCapture.framework/Versions/A/ImageCapture
0x00000000057ea000 	/System/Library/Frameworks/Carbon.framework/Versions/A/Frameworks/OpenScripting.framework/Versions/A/OpenScripting
0x00000000057ea000 	/System/Library/Frameworks/Carbon.framework/Versions/A/Frameworks/Print.framework/Versions/A/Print
0x00000000057ea000 	/System/Library/Frameworks/Carbon.framework/Versions/A/Frameworks/SecurityHI.framework/Versions/A/SecurityHI
0x0000000125b5a000 	/Library/Java/JavaVirtualMachines/jdk1.8.0_11.jdk/Contents/Home/jre/lib/libdt_socket.dylib

VM Arguments:
jvm_args: -agentlib:jdwp=transport=dt_socket,suspend=y,address=localhost:58400 -Dfile.encoding=UTF-8 
java_command: Rails
java_class_path (initial): /Users/yanjustino/Documents/workspace/ImdAlgoritimos/bin
Launcher Type: SUN_STANDARD

Environment Variables:
PATH=/usr/bin:/bin:/usr/sbin:/sbin
SHELL=/bin/zsh

Signal Handlers:
SIGSEGV: [libjvm.dylib+0x56059b], sa_mask[0]=0xfffefeff, sa_flags=0x00000043
SIGBUS: [libjvm.dylib+0x56059b], sa_mask[0]=0xfffefeff, sa_flags=0x00000042
SIGFPE: [libjvm.dylib+0x4438f2], sa_mask[0]=0xfffefeff, sa_flags=0x00000042
SIGPIPE: [libjvm.dylib+0x4438f2], sa_mask[0]=0xfffefeff, sa_flags=0x00000042
SIGXFSZ: [libjvm.dylib+0x4438f2], sa_mask[0]=0xfffefeff, sa_flags=0x00000042
SIGILL: [libjvm.dylib+0x4438f2], sa_mask[0]=0xfffefeff, sa_flags=0x00000042
SIGUSR1: SIG_DFL, sa_mask[0]=0x00000000, sa_flags=0x00000000
SIGUSR2: [libjvm.dylib+0x443410], sa_mask[0]=0x00000004, sa_flags=0x00000042
SIGHUP: [libjvm.dylib+0x44179b], sa_mask[0]=0xfffefeff, sa_flags=0x00000042
SIGINT: [libjvm.dylib+0x44179b], sa_mask[0]=0xfffefeff, sa_flags=0x00000042
SIGTERM: [libjvm.dylib+0x44179b], sa_mask[0]=0xfffefeff, sa_flags=0x00000042
SIGQUIT: [libjvm.dylib+0x44179b], sa_mask[0]=0xfffefeff, sa_flags=0x00000042


---------------  S Y S T E M  ---------------

OS:Bsduname:Darwin 15.3.0 Darwin Kernel Version 15.3.0: Thu Dec 10 18:40:58 PST 2015; root:xnu-3248.30.4~1/RELEASE_X86_64 x86_64
rlimit: STACK 8192k, CORE 0k, NPROC 709, NOFILE 10240, AS infinity
load average:2.35 2.24 2.16

CPU:total 4 (2 cores per cpu, 2 threads per core) family 6 model 69 stepping 1, cmov, cx8, fxsr, mmx, sse, sse2, sse3, ssse3, sse4.1, sse4.2, popcnt, avx, avx2, aes, clmul, erms, ht, tsc, tscinvbit

Memory: 4k page, physical 4194304k(17780k free)

/proc/meminfo:


vm_info: Java HotSpot(TM) 64-Bit Server VM (25.11-b03) for bsd-amd64 JRE (1.8.0_11-b12), built on Jun 16 2014 17:39:42 by "java_re" with gcc 4.2.1 (Based on Apple Inc. build 5658) (LLVM build 2336.11.00)

time: Sat Feb 20 00:06:27 2016
elapsed time: 21414 seconds

