#
# A fatal error has been detected by the Java Runtime Environment:
#
#  SIGSEGV (0xb) at pc=0x00000001042b5228, pid=39732, tid=17155
#
# JRE version: Java(TM) SE Runtime Environment (8.0_11-b12) (build 1.8.0_11-b12)
# Java VM: Java HotSpot(TM) 64-Bit Server VM (25.11-b03 mixed mode bsd-amd64 compressed oops)
# Problematic frame:
# V  [libjvm.dylib+0x40c228]  Method::checked_resolve_jmethod_id(_jmethodID*)+0xe
#
# Failed to write core dump. Core dumps have been disabled. To enable core dumping, try "ulimit -c unlimited" before starting Java again
#
# If you would like to submit a bug report, please visit:
#   http://bugreport.sun.com/bugreport/crash.jsp
#

---------------  T H R E A D  ---------------

Current thread (0x00007feb6281c000):  JavaThread "JDWP Transport Listener: dt_socket" daemon [_thread_in_vm, id=17155, stack(0x0000700000b3b000,0x0000700000c3b000)]

siginfo:si_signo=SIGSEGV: si_errno=0, si_code=1 (SEGV_MAPERR), si_addr=0x000000020000003b

Registers:
RAX=0x0000000000000001, RBX=0x0000700000c3aa8b, RCX=0x0000000104659780, RDX=0x0000700000c3aa8b
RSP=0x0000700000c3a9d0, RBP=0x0000700000c3a9e0, RSI=0x00007feb6281c000, RDI=0x000000020000003b
R8 =0x0000000000000001, R9 =0x0000000000000000, R10=0x0000000000000002, R11=0x00007feb61400000
R12=0x00007feb6281c000, R13=0x000000020000003b, R14=0x000000020000003b, R15=0x00007feb61501dc0
RIP=0x00000001042b5228, EFLAGS=0x0000000000010202, ERR=0x0000000000000004
  TRAPNO=0x000000000000000e

Top of Stack: (sp=0x0000700000c3a9d0)
0x0000700000c3a9d0:   0000700000c3aa8b 0000700000c3aa8b
0x0000700000c3a9e0:   0000700000c3aa40 00000001041ce52a
0x0000700000c3a9f0:   00007feb6281c000 0000000000000000
0x0000700000c3aa00:   0000000000000000 0000000000000000
0x0000700000c3aa10:   00007feb6281c000 00007feb6281c000
0x0000700000c3aa20:   0000700000c3aa8b 0000700000c3aa90
0x0000700000c3aa30:   000000020000003b 0000000000000004
0x0000700000c3aa40:   0000700000c3aa60 0000000104dd17dc
0x0000700000c3aa50:   0000000000000001 0000700000c3ab08
0x0000700000c3aa60:   0000700000c3aad0 0000000104db6263
0x0000700000c3aa70:   0000700000c3aaa0 00007feb61415710
0x0000700000c3aa80:   0000000500000032 0000000a00c3ab08
0x0000700000c3aa90:   0000000000000000 0000000000000000
0x0000700000c3aaa0:   0000000000000000 0000700000c3ac90
0x0000700000c3aab0:   0000000104dd8eca 00007feb6163f3f0
0x0000700000c3aac0:   0000700000c3ab08 0000000104de4588
0x0000700000c3aad0:   0000700000c3aae0 0000000104db635c
0x0000700000c3aae0:   0000700000c3ad00 0000000104dbf8f6
0x0000700000c3aaf0:   00000f4500000013 00000000000f0200
0x0000700000c3ab00:   00007feb6163e660 00007feb61416656
0x0000700000c3ab10:   00007feb00000252 00007feb61415810
0x0000700000c3ab20:   00007feb0000012c 0000700000c3ab58
0x0000700000c3ab30:   00007feb61415810 0000000000000000
0x0000700000c3ab40:   00000f450000001c 0000000000000080
0x0000700000c3ab50:   0000700000c3ab58 eb7f000005000000
0x0000700000c3ab60:   0b000000d8cf6361 5064696c61567349
0x0000700000c3ab70:   283a000000687461 6c2f6176616a4c5b
0x0000700000c3ab80:   697274532f676e61 6176616a4c3b676e
0x0000700000c3ab90:   74532f676e616c2f 6a4c293b676e6972
0x0000700000c3aba0:   676e616c2f617661 6e61656c6f6f422f
0x0000700000c3abb0:   000000000000003b cf6361eb7f00000a
0x0000700000c3abc0:   69616d04000000a8 4c5b28160000006e 

Instructions: (pc=0x00000001042b5228)
0x00000001042b5208:   40 48 48 85 c0 75 e0 30 c0 0f b6 c0 5d c3 31 c0
0x00000001042b5218:   5d c3 55 48 89 e5 53 48 83 ec 08 48 85 ff 74 24
0x00000001042b5228:   48 8b 1f 48 85 db 74 1c 48 83 fb 37 74 16 48 8b
0x00000001042b5238:   03 48 89 df ff 50 08 84 c0 b8 00 00 00 00 48 0f 

Register to memory mapping:

RAX=0x0000000000000001 is an unknown value
RBX=0x0000700000c3aa8b is pointing into the stack for thread: 0x00007feb6281c000
RCX=0x0000000104659780: UseMembar+0 in /Library/Java/JavaVirtualMachines/jdk1.8.0_11.jdk/Contents/Home/jre/lib/server/libjvm.dylib at 0x0000000103ea9000
RDX=0x0000700000c3aa8b is pointing into the stack for thread: 0x00007feb6281c000
RSP=0x0000700000c3a9d0 is pointing into the stack for thread: 0x00007feb6281c000
RBP=0x0000700000c3a9e0 is pointing into the stack for thread: 0x00007feb6281c000
RSI=0x00007feb6281c000 is a thread
RDI=0x000000020000003b is an unknown value
R8 =0x0000000000000001 is an unknown value
R9 =0x0000000000000000 is an unknown value
R10=0x0000000000000002 is an unknown value
R11=0x00007feb61400000 is an unknown value
R12=0x00007feb6281c000 is a thread
R13=0x000000020000003b is an unknown value
R14=0x000000020000003b is an unknown value
R15=0x00007feb61501dc0 is an unknown value


Stack: [0x0000700000b3b000,0x0000700000c3b000],  sp=0x0000700000c3a9d0,  free space=1022k
Native frames: (J=compiled Java code, j=interpreted, Vv=VM code, C=native code)
V  [libjvm.dylib+0x40c228]  Method::checked_resolve_jmethod_id(_jmethodID*)+0xe
V  [libjvm.dylib+0x32552a]  jvmti_IsMethodSynthetic+0xb2
C  [libjdwp.dylib+0x207dc]  isMethodSynthetic+0x63
C  [libjdwp.dylib+0x5263]  methods1+0x10b
C  [libjdwp.dylib+0x535c]  methodsWithGeneric+0xe
C  [libjdwp.dylib+0xe8f6]  debugLoop_run+0x1ce
C  [libjdwp.dylib+0x1f716]  attachThread+0x4d
V  [libjvm.dylib+0x36659a]  JvmtiAgentThread::call_start_function()+0x38
V  [libjvm.dylib+0x51d86d]  JavaThread::thread_main_inner()+0x9b
V  [libjvm.dylib+0x51efaa]  JavaThread::run()+0x1c2
V  [libjvm.dylib+0x446026]  java_start(Thread*)+0xf6
C  [libsystem_pthread.dylib+0x3c13]  _pthread_body+0x83
C  [libsystem_pthread.dylib+0x3b90]  _pthread_body+0x0
C  [libsystem_pthread.dylib+0x1375]  thread_start+0xd


---------------  P R O C E S S  ---------------

Java Threads: ( => current thread )
  0x00007feb63016800 JavaThread "Service Thread" daemon [_thread_blocked, id=20227, stack(0x000070000114d000,0x000070000124d000)]
  0x00007feb61845800 JavaThread "C1 CompilerThread2" daemon [_thread_blocked, id=19715, stack(0x000070000104a000,0x000070000114a000)]
  0x00007feb6205b800 JavaThread "C2 CompilerThread1" daemon [_thread_blocked, id=19203, stack(0x0000700000f47000,0x0000700001047000)]
  0x00007feb6205d800 JavaThread "C2 CompilerThread0" daemon [_thread_blocked, id=18691, stack(0x0000700000e44000,0x0000700000f44000)]
  0x00007feb63015800 JavaThread "JDWP Command Reader" daemon [_thread_in_native, id=18179, stack(0x0000700000d41000,0x0000700000e41000)]
  0x00007feb6205c800 JavaThread "JDWP Event Helper Thread" daemon [_thread_blocked, id=17667, stack(0x0000700000c3e000,0x0000700000d3e000)]
=>0x00007feb6281c000 JavaThread "JDWP Transport Listener: dt_socket" daemon [_thread_in_vm, id=17155, stack(0x0000700000b3b000,0x0000700000c3b000)]
  0x00007feb61854000 JavaThread "Signal Dispatcher" daemon [_thread_blocked, id=16651, stack(0x0000700000a38000,0x0000700000b38000)]
  0x00007feb62016800 JavaThread "Finalizer" daemon [_thread_blocked, id=12291, stack(0x000070000082f000,0x000070000092f000)]
  0x00007feb62016000 JavaThread "Reference Handler" daemon [_thread_blocked, id=11779, stack(0x000070000072c000,0x000070000082c000)]
  0x00007feb62801800 JavaThread "main" [_thread_in_native, id=5891, stack(0x000070000011a000,0x000070000021a000)]

Other Threads:
  0x00007feb6183e800 VMThread [stack: 0x0000700000629000,0x0000700000729000] [id=11267]
  0x00007feb61846000 WatcherThread [stack: 0x0000700001250000,0x0000700001350000] [id=20739]

VM state:not at safepoint (normal execution)

VM Mutex/Monitor currently owned by a thread: None

Heap:
 PSYoungGen      total 1024K, used 503K [0x00000007aab00000, 0x00000007aad00000, 0x00000007c0000000)
  eden space 512K, 4% used [0x00000007aab00000,0x00000007aab05eb8,0x00000007aab80000)
  from space 512K, 93% used [0x00000007aac00000,0x00000007aac78020,0x00000007aac80000)
  to   space 512K, 0% used [0x00000007aab80000,0x00000007aab80000,0x00000007aac00000)
 ParOldGen       total 64000K, used 224K [0x0000000780000000, 0x0000000783e80000, 0x00000007aab00000)
  object space 64000K, 0% used [0x0000000780000000,0x0000000780038000,0x0000000783e80000)
 Metaspace       used 3519K, capacity 4664K, committed 4864K, reserved 1056768K
  class space    used 393K, capacity 424K, committed 512K, reserved 1048576K

Card table byte_map: [0x00000001149d2000,0x0000000114bd3000] byte_map_base: 0x0000000110dd2000

Marking Bits: (ParMarkBitMap*) 0x00000001047100a0
 Begin Bits: [0x0000000114d29000, 0x0000000115d29000)
 End Bits:   [0x0000000115d29000, 0x0000000116d29000)

Polling page: 0x0000000104db0000

CodeCache: size=245760Kb used=1188Kb max_used=1199Kb free=244571Kb
 bounds [0x0000000105612000, 0x0000000105882000, 0x0000000114612000]
 total_blobs=290 nmethods=56 adapters=158
 compilation: enabled

Compilation events (10 events):
Event: 0.295 Thread 0x00007feb61845800   51       3       java.util.StringTokenizer::skipDelimiters (116 bytes)
Event: 0.296 Thread 0x00007feb61845800 nmethod 51 0x0000000105735f50 code [0x0000000105736160, 0x0000000105736cd8]
Event: 0.296 Thread 0x00007feb6205d800   53       4       java.lang.String::hashCode (55 bytes)
Event: 0.300 Thread 0x00007feb61845800   54       1       java.lang.String::length (6 bytes)
Event: 0.300 Thread 0x00007feb61845800 nmethod 54 0x000000010573a350 code [0x000000010573a4a0, 0x000000010573a5b0]
Event: 0.300 Thread 0x00007feb61845800   55       3       java.lang.AbstractStringBuilder::<init> (12 bytes)
Event: 0.300 Thread 0x00007feb61845800 nmethod 55 0x000000010573a650 code [0x000000010573a7c0, 0x000000010573aa10]
Event: 0.300 Thread 0x00007feb61845800   56       3       java.util.concurrent.ConcurrentHashMap::spread (10 bytes)
Event: 0.300 Thread 0x00007feb61845800 nmethod 56 0x000000010573aad0 code [0x000000010573ac20, 0x000000010573ad50]
Event: 0.301 Thread 0x00007feb6205d800 nmethod 53 0x000000010573db50 code [0x000000010573dca0, 0x000000010573de38]

GC Heap History (4 events):
Event: 0.239 GC heap before
{Heap before GC invocations=1 (full 0):
 PSYoungGen      total 1024K, used 512K [0x00000007aab00000, 0x00000007aac80000, 0x00000007c0000000)
  eden space 512K, 100% used [0x00000007aab00000,0x00000007aab80000,0x00000007aab80000)
  from space 512K, 0% used [0x00000007aac00000,0x00000007aac00000,0x00000007aac80000)
  to   space 512K, 0% used [0x00000007aab80000,0x00000007aab80000,0x00000007aac00000)
 ParOldGen       total 64000K, used 0K [0x0000000780000000, 0x0000000783e80000, 0x00000007aab00000)
  object space 64000K, 0% used [0x0000000780000000,0x0000000780000000,0x0000000783e80000)
 Metaspace       used 2519K, capacity 4480K, committed 4480K, reserved 1056768K
  class space    used 268K, capacity 384K, committed 384K, reserved 1048576K
Event: 0.241 GC heap after
Heap after GC invocations=1 (full 0):
 PSYoungGen      total 1024K, used 448K [0x00000007aab00000, 0x00000007aac80000, 0x00000007c0000000)
  eden space 512K, 0% used [0x00000007aab00000,0x00000007aab00000,0x00000007aab80000)
  from space 512K, 87% used [0x00000007aab80000,0x00000007aabf0020,0x00000007aac00000)
  to   space 512K, 0% used [0x00000007aac00000,0x00000007aac00000,0x00000007aac80000)
 ParOldGen       total 64000K, used 8K [0x0000000780000000, 0x0000000783e80000, 0x00000007aab00000)
  object space 64000K, 0% used [0x0000000780000000,0x0000000780002000,0x0000000783e80000)
 Metaspace       used 2519K, capacity 4480K, committed 4480K, reserved 1056768K
  class space    used 268K, capacity 384K, committed 384K, reserved 1048576K
}
Event: 0.296 GC heap before
{Heap before GC invocations=2 (full 0):
 PSYoungGen      total 1024K, used 960K [0x00000007aab00000, 0x00000007aac80000, 0x00000007c0000000)
  eden space 512K, 100% used [0x00000007aab00000,0x00000007aab80000,0x00000007aab80000)
  from space 512K, 87% used [0x00000007aab80000,0x00000007aabf0020,0x00000007aac00000)
  to   space 512K, 0% used [0x00000007aac00000,0x00000007aac00000,0x00000007aac80000)
 ParOldGen       total 64000K, used 8K [0x0000000780000000, 0x0000000783e80000, 0x00000007aab00000)
  object space 64000K, 0% used [0x0000000780000000,0x0000000780002000,0x0000000783e80000)
 Metaspace       used 3322K, capacity 4486K, committed 4864K, reserved 1056768K
  class space    used 375K, capacity 386K, committed 512K, reserved 1048576K
Event: 0.298 GC heap after
Heap after GC invocations=2 (full 0):
 PSYoungGen      total 1024K, used 480K [0x00000007aab00000, 0x00000007aad00000, 0x00000007c0000000)
  eden space 512K, 0% used [0x00000007aab00000,0x00000007aab00000,0x00000007aab80000)
  from space 512K, 93% used [0x00000007aac00000,0x00000007aac78020,0x00000007aac80000)
  to   space 512K, 0% used [0x00000007aab80000,0x00000007aab80000,0x00000007aac00000)
 ParOldGen       total 64000K, used 224K [0x0000000780000000, 0x0000000783e80000, 0x00000007aab00000)
  object space 64000K, 0% used [0x0000000780000000,0x0000000780038000,0x0000000783e80000)
 Metaspace       used 3322K, capacity 4486K, committed 4864K, reserved 1056768K
  class space    used 375K, capacity 386K, committed 512K, reserved 1048576K
}

Deoptimization events (0 events):
No events

Internal exceptions (10 events):
Event: 0.281 Thread 0x00007feb62801800 Exception <a 'java/security/PrivilegedActionException'> (0x00000007aab4d030) thrown at [/HUDSON3/workspace/8-2-build-macosx-x86_64/jdk8u11/648/hotspot/src/share/vm/prims/jvm.cpp, line 1248]
Event: 0.281 Thread 0x00007feb62801800 Exception <a 'java/security/PrivilegedActionException'> (0x00000007aab4d1e8) thrown at [/HUDSON3/workspace/8-2-build-macosx-x86_64/jdk8u11/648/hotspot/src/share/vm/prims/jvm.cpp, line 1248]
Event: 0.281 Thread 0x00007feb62801800 Exception <a 'java/security/PrivilegedActionException'> (0x00000007aab505c8) thrown at [/HUDSON3/workspace/8-2-build-macosx-x86_64/jdk8u11/648/hotspot/src/share/vm/prims/jvm.cpp, line 1248]
Event: 0.281 Thread 0x00007feb62801800 Exception <a 'java/security/PrivilegedActionException'> (0x00000007aab50780) thrown at [/HUDSON3/workspace/8-2-build-macosx-x86_64/jdk8u11/648/hotspot/src/share/vm/prims/jvm.cpp, line 1248]
Event: 0.286 Thread 0x00007feb62801800 Exception <a 'java/security/PrivilegedActionException'> (0x00000007aab55e18) thrown at [/HUDSON3/workspace/8-2-build-macosx-x86_64/jdk8u11/648/hotspot/src/share/vm/prims/jvm.cpp, line 1248]
Event: 0.286 Thread 0x00007feb62801800 Exception <a 'java/security/PrivilegedActionException'> (0x00000007aab56f90) thrown at [/HUDSON3/workspace/8-2-build-macosx-x86_64/jdk8u11/648/hotspot/src/share/vm/prims/jvm.cpp, line 1248]
Event: 0.294 Thread 0x00007feb62801800 Exception <a 'java/security/PrivilegedActionException'> (0x00000007aab6a538) thrown at [/HUDSON3/workspace/8-2-build-macosx-x86_64/jdk8u11/648/hotspot/src/share/vm/prims/jvm.cpp, line 1248]
Event: 0.295 Thread 0x00007feb62801800 Exception <a 'java/security/PrivilegedActionException'> (0x00000007aab6b9d0) thrown at [/HUDSON3/workspace/8-2-build-macosx-x86_64/jdk8u11/648/hotspot/src/share/vm/prims/jvm.cpp, line 1248]
Event: 0.295 Thread 0x00007feb62801800 Exception <a 'java/security/PrivilegedActionException'> (0x00000007aab6e1d0) thrown at [/HUDSON3/workspace/8-2-build-macosx-x86_64/jdk8u11/648/hotspot/src/share/vm/prims/jvm.cpp, line 1248]
Event: 0.295 Thread 0x00007feb62801800 Exception <a 'java/security/PrivilegedActionException'> (0x00000007aab6f6d0) thrown at [/HUDSON3/workspace/8-2-build-macosx-x86_64/jdk8u11/648/hotspot/src/share/vm/prims/jvm.cpp, line 1248]

Events (10 events):
Event: 938.078 Executing VM operation: RedefineClasses
Event: 938.079 Executing VM operation: RedefineClasses done
Event: 938.082 Executing VM operation: ChangeBreakpoints
Event: 938.082 Executing VM operation: ChangeBreakpoints done
Event: 1015.620 Executing VM operation: RedefineClasses
Event: 1015.620 Executing VM operation: RedefineClasses done
Event: 1015.623 Executing VM operation: ChangeBreakpoints
Event: 1015.624 Executing VM operation: ChangeBreakpoints done
Event: 1181.196 Executing VM operation: RedefineClasses
Event: 1181.196 Executing VM operation: RedefineClasses done


Dynamic libraries:
0x00000000057ea000 	/System/Library/Frameworks/Cocoa.framework/Versions/A/Cocoa
0x00000000057ea000 	/System/Library/Frameworks/Security.framework/Versions/A/Security
0x00000000057ea000 	/System/Library/Frameworks/ApplicationServices.framework/Versions/A/ApplicationServices
0x00000000057ea000 	/usr/lib/libz.1.dylib
0x00000000057ea000 	/usr/lib/libSystem.B.dylib
0x00000000057ea000 	/usr/lib/libobjc.A.dylib
0x00000000057ea000 	/System/Library/Frameworks/CoreFoundation.framework/Versions/A/CoreFoundation
0x00000000057ea000 	/System/Library/Frameworks/Foundation.framework/Versions/C/Foundation
0x00000000057ea000 	/System/Library/Frameworks/AppKit.framework/Versions/C/AppKit
0x00000000057ea000 	/System/Library/Frameworks/CoreData.framework/Versions/A/CoreData
0x00000000057ea000 	/System/Library/PrivateFrameworks/RemoteViewServices.framework/Versions/A/RemoteViewServices
0x00000000057ea000 	/System/Library/PrivateFrameworks/UIFoundation.framework/Versions/A/UIFoundation
0x00000000057ea000 	/usr/lib/libScreenReader.dylib
0x00000000057ea000 	/System/Library/Frameworks/Accelerate.framework/Versions/A/Accelerate
0x00000000057ea000 	/System/Library/Frameworks/IOSurface.framework/Versions/A/IOSurface
0x00000000057ea000 	/System/Library/Frameworks/AudioToolbox.framework/Versions/A/AudioToolbox
0x00000000057ea000 	/System/Library/Frameworks/AudioUnit.framework/Versions/A/AudioUnit
0x00000000057ea000 	/System/Library/PrivateFrameworks/DataDetectorsCore.framework/Versions/A/DataDetectorsCore
0x00000000057ea000 	/System/Library/PrivateFrameworks/DesktopServicesPriv.framework/Versions/A/DesktopServicesPriv
0x00000000057ea000 	/System/Library/Frameworks/Carbon.framework/Versions/A/Frameworks/HIToolbox.framework/Versions/A/HIToolbox
0x00000000057ea000 	/System/Library/Frameworks/QuartzCore.framework/Versions/A/QuartzCore
0x00000000057ea000 	/System/Library/Frameworks/Carbon.framework/Versions/A/Frameworks/SpeechRecognition.framework/Versions/A/SpeechRecognition
0x00000000057ea000 	/usr/lib/libauto.dylib
0x00000000057ea000 	/usr/lib/libicucore.A.dylib
0x00000000057ea000 	/usr/lib/libxml2.2.dylib
0x00000000057ea000 	/System/Library/PrivateFrameworks/CoreUI.framework/Versions/A/CoreUI
0x00000000057ea000 	/System/Library/Frameworks/CoreAudio.framework/Versions/A/CoreAudio
0x00000000057ea000 	/System/Library/Frameworks/DiskArbitration.framework/Versions/A/DiskArbitration
0x00000000057ea000 	/usr/lib/liblangid.dylib
0x00000000057ea000 	/System/Library/PrivateFrameworks/MultitouchSupport.framework/Versions/A/MultitouchSupport
0x00000000057ea000 	/System/Library/Frameworks/IOKit.framework/Versions/A/IOKit
0x00000000057ea000 	/usr/lib/libDiagnosticMessagesClient.dylib
0x00000000057ea000 	/System/Library/Frameworks/CoreServices.framework/Versions/A/CoreServices
0x00000000057ea000 	/System/Library/PrivateFrameworks/PerformanceAnalysis.framework/Versions/A/PerformanceAnalysis
0x00000000057ea000 	/System/Library/PrivateFrameworks/GenerationalStorage.framework/Versions/A/GenerationalStorage
0x00000000057ea000 	/System/Library/Frameworks/OpenGL.framework/Versions/A/OpenGL
0x00000000057ea000 	/System/Library/PrivateFrameworks/Sharing.framework/Versions/A/Sharing
0x00000000057ea000 	/System/Library/Frameworks/CoreGraphics.framework/Versions/A/CoreGraphics
0x00000000057ea000 	/System/Library/Frameworks/CoreImage.framework/Versions/A/CoreImage
0x00000000057ea000 	/System/Library/Frameworks/CoreText.framework/Versions/A/CoreText
0x00000000057ea000 	/System/Library/Frameworks/ImageIO.framework/Versions/A/ImageIO
0x00000000057ea000 	/System/Library/PrivateFrameworks/Backup.framework/Versions/A/Backup
0x00000000057ea000 	/usr/lib/libextension.dylib
0x00000000057ea000 	/usr/lib/libarchive.2.dylib
0x00000000057ea000 	/System/Library/Frameworks/CFNetwork.framework/Versions/A/CFNetwork
0x00000000057ea000 	/System/Library/Frameworks/SystemConfiguration.framework/Versions/A/SystemConfiguration
0x00000000057ea000 	/usr/lib/libCRFSuite.dylib
0x00000000057ea000 	/usr/lib/libc++.1.dylib
0x00000000057ea000 	/usr/lib/libc++abi.dylib
0x00000000057ea000 	/usr/lib/system/libcache.dylib
0x00000000057ea000 	/usr/lib/system/libcommonCrypto.dylib
0x00000000057ea000 	/usr/lib/system/libcompiler_rt.dylib
0x00000000057ea000 	/usr/lib/system/libcopyfile.dylib
0x00000000057ea000 	/usr/lib/system/libcorecrypto.dylib
0x00000000057ea000 	/usr/lib/system/libdispatch.dylib
0x00000000057ea000 	/usr/lib/system/libdyld.dylib
0x00000000057ea000 	/usr/lib/system/libkeymgr.dylib
0x00000000057ea000 	/usr/lib/system/liblaunch.dylib
0x00000000057ea000 	/usr/lib/system/libmacho.dylib
0x00000000057ea000 	/usr/lib/system/libquarantine.dylib
0x00000000057ea000 	/usr/lib/system/libremovefile.dylib
0x00000000057ea000 	/usr/lib/system/libsystem_asl.dylib
0x00000000057ea000 	/usr/lib/system/libsystem_blocks.dylib
0x00000000057ea000 	/usr/lib/system/libsystem_c.dylib
0x00000000057ea000 	/usr/lib/system/libsystem_configuration.dylib
0x00000000057ea000 	/usr/lib/system/libsystem_coreservices.dylib
0x00000000057ea000 	/usr/lib/system/libsystem_coretls.dylib
0x00000000057ea000 	/usr/lib/system/libsystem_dnssd.dylib
0x00000000057ea000 	/usr/lib/system/libsystem_info.dylib
0x00000000057ea000 	/usr/lib/system/libsystem_kernel.dylib
0x00000000057ea000 	/usr/lib/system/libsystem_m.dylib
0x00000000057ea000 	/usr/lib/system/libsystem_malloc.dylib
0x00000000057ea000 	/usr/lib/system/libsystem_network.dylib
0x00000000057ea000 	/usr/lib/system/libsystem_networkextension.dylib
0x00000000057ea000 	/usr/lib/system/libsystem_notify.dylib
0x00000000057ea000 	/usr/lib/system/libsystem_platform.dylib
0x00000000057ea000 	/usr/lib/system/libsystem_pthread.dylib
0x00000000057ea000 	/usr/lib/system/libsystem_sandbox.dylib
0x00000000057ea000 	/usr/lib/system/libsystem_secinit.dylib
0x00000000057ea000 	/usr/lib/system/libsystem_trace.dylib
0x00000000057ea000 	/usr/lib/system/libunc.dylib
0x00000000057ea000 	/usr/lib/system/libunwind.dylib
0x00000000057ea000 	/usr/lib/system/libxpc.dylib
0x00000000057ea000 	/usr/lib/libenergytrace.dylib
0x00000000057ea000 	/usr/lib/libbsm.0.dylib
0x00000000057ea000 	/usr/lib/system/libkxld.dylib
0x00000000057ea000 	/usr/lib/libxar.1.dylib
0x00000000057ea000 	/usr/lib/libsqlite3.dylib
0x00000000057ea000 	/usr/lib/libpam.2.dylib
0x00000000057ea000 	/usr/lib/libOpenScriptingUtil.dylib
0x00000000057ea000 	/usr/lib/libbz2.1.0.dylib
0x00000000057ea000 	/usr/lib/liblzma.5.dylib
0x00000000057ea000 	/System/Library/Frameworks/CoreServices.framework/Versions/A/Frameworks/FSEvents.framework/Versions/A/FSEvents
0x00000000057ea000 	/System/Library/Frameworks/CoreServices.framework/Versions/A/Frameworks/CarbonCore.framework/Versions/A/CarbonCore
0x00000000057ea000 	/System/Library/Frameworks/CoreServices.framework/Versions/A/Frameworks/Metadata.framework/Versions/A/Metadata
0x00000000057ea000 	/System/Library/Frameworks/CoreServices.framework/Versions/A/Frameworks/OSServices.framework/Versions/A/OSServices
0x00000000057ea000 	/System/Library/Frameworks/CoreServices.framework/Versions/A/Frameworks/SearchKit.framework/Versions/A/SearchKit
0x00000000057ea000 	/System/Library/Frameworks/CoreServices.framework/Versions/A/Frameworks/AE.framework/Versions/A/AE
0x00000000057ea000 	/System/Library/Frameworks/CoreServices.framework/Versions/A/Frameworks/LaunchServices.framework/Versions/A/LaunchServices
0x00000000057ea000 	/System/Library/Frameworks/CoreServices.framework/Versions/A/Frameworks/DictionaryServices.framework/Versions/A/DictionaryServices
0x00000000057ea000 	/System/Library/Frameworks/CoreServices.framework/Versions/A/Frameworks/SharedFileList.framework/Versions/A/SharedFileList
0x00000000057ea000 	/System/Library/Frameworks/NetFS.framework/Versions/A/NetFS
0x00000000057ea000 	/System/Library/PrivateFrameworks/NetAuth.framework/Versions/A/NetAuth
0x00000000057ea000 	/System/Library/PrivateFrameworks/login.framework/Versions/A/Frameworks/loginsupport.framework/Versions/A/loginsupport
0x00000000057ea000 	/System/Library/PrivateFrameworks/TCC.framework/Versions/A/TCC
0x00000000057ea000 	/usr/lib/libmecabra.dylib
0x00000000057ea000 	/System/Library/Frameworks/ApplicationServices.framework/Versions/A/Frameworks/ATS.framework/Versions/A/ATS
0x00000000057ea000 	/System/Library/Frameworks/ApplicationServices.framework/Versions/A/Frameworks/ColorSync.framework/Versions/A/ColorSync
0x00000000057ea000 	/System/Library/Frameworks/ApplicationServices.framework/Versions/A/Frameworks/HIServices.framework/Versions/A/HIServices
0x00000000057ea000 	/System/Library/Frameworks/ApplicationServices.framework/Versions/A/Frameworks/LangAnalysis.framework/Versions/A/LangAnalysis
0x00000000057ea000 	/System/Library/Frameworks/ApplicationServices.framework/Versions/A/Frameworks/PrintCore.framework/Versions/A/PrintCore
0x00000000057ea000 	/System/Library/Frameworks/ApplicationServices.framework/Versions/A/Frameworks/QD.framework/Versions/A/QD
0x00000000057ea000 	/System/Library/Frameworks/ApplicationServices.framework/Versions/A/Frameworks/SpeechSynthesis.framework/Versions/A/SpeechSynthesis
0x00000000057ea000 	/System/Library/Frameworks/Metal.framework/Versions/A/Metal
0x00000000057ea000 	/System/Library/Frameworks/Accelerate.framework/Versions/A/Frameworks/vImage.framework/Versions/A/vImage
0x00000000057ea000 	/System/Library/Frameworks/Accelerate.framework/Versions/A/Frameworks/vecLib.framework/Versions/A/vecLib
0x00000000057ea000 	/System/Library/Frameworks/Accelerate.framework/Versions/A/Frameworks/vecLib.framework/Versions/A/libvDSP.dylib
0x00000000057ea000 	/System/Library/Frameworks/Accelerate.framework/Versions/A/Frameworks/vecLib.framework/Versions/A/libvMisc.dylib
0x00000000057ea000 	/System/Library/Frameworks/Accelerate.framework/Versions/A/Frameworks/vecLib.framework/Versions/A/libLAPACK.dylib
0x00000000057ea000 	/System/Library/Frameworks/Accelerate.framework/Versions/A/Frameworks/vecLib.framework/Versions/A/libBLAS.dylib
0x00000000057ea000 	/System/Library/Frameworks/Accelerate.framework/Versions/A/Frameworks/vecLib.framework/Versions/A/libLinearAlgebra.dylib
0x00000000057ea000 	/System/Library/Frameworks/Accelerate.framework/Versions/A/Frameworks/vecLib.framework/Versions/A/libSparseBLAS.dylib
0x00000000057ea000 	/System/Library/PrivateFrameworks/GPUCompiler.framework/libmetal_timestamp.dylib
0x00000000057ea000 	/System/Library/Frameworks/OpenGL.framework/Versions/A/Libraries/libCoreFSCache.dylib
0x00000000057ea000 	/System/Library/PrivateFrameworks/IOAccelerator.framework/Versions/A/IOAccelerator
0x00000000057ea000 	/System/Library/Frameworks/ApplicationServices.framework/Versions/A/Frameworks/ATS.framework/Versions/A/Resources/libFontParser.dylib
0x00000000057ea000 	/System/Library/Frameworks/ApplicationServices.framework/Versions/A/Frameworks/ATS.framework/Versions/A/Resources/libFontRegistry.dylib
0x00000000057ea000 	/System/Library/PrivateFrameworks/AppleVPA.framework/Versions/A/AppleVPA
0x00000000057ea000 	/System/Library/PrivateFrameworks/AppleJPEG.framework/Versions/A/AppleJPEG
0x00000000057ea000 	/System/Library/Frameworks/ImageIO.framework/Versions/A/Resources/libJPEG.dylib
0x00000000057ea000 	/System/Library/Frameworks/ImageIO.framework/Versions/A/Resources/libTIFF.dylib
0x00000000057ea000 	/System/Library/Frameworks/ImageIO.framework/Versions/A/Resources/libPng.dylib
0x00000000057ea000 	/System/Library/Frameworks/ImageIO.framework/Versions/A/Resources/libGIF.dylib
0x00000000057ea000 	/System/Library/Frameworks/ImageIO.framework/Versions/A/Resources/libJP2.dylib
0x00000000057ea000 	/System/Library/Frameworks/ImageIO.framework/Versions/A/Resources/libRadiance.dylib
0x00000000057ea000 	/System/Library/Frameworks/CoreVideo.framework/Versions/A/CoreVideo
0x00000000057ea000 	/System/Library/Frameworks/OpenGL.framework/Versions/A/Libraries/libGLU.dylib
0x00000000057ea000 	/System/Library/Frameworks/OpenGL.framework/Versions/A/Libraries/libGFXShared.dylib
0x00000000057ea000 	/System/Library/Frameworks/OpenGL.framework/Versions/A/Libraries/libGL.dylib
0x00000000057ea000 	/System/Library/Frameworks/OpenGL.framework/Versions/A/Libraries/libGLImage.dylib
0x00000000057ea000 	/System/Library/Frameworks/OpenGL.framework/Versions/A/Libraries/libCVMSPluginSupport.dylib
0x00000000057ea000 	/System/Library/Frameworks/OpenGL.framework/Versions/A/Libraries/libCoreVMClient.dylib
0x00000000057ea000 	/usr/lib/libcups.2.dylib
0x00000000057ea000 	/System/Library/Frameworks/Kerberos.framework/Versions/A/Kerberos
0x00000000057ea000 	/System/Library/Frameworks/GSS.framework/Versions/A/GSS
0x00000000057ea000 	/usr/lib/libresolv.9.dylib
0x00000000057ea000 	/usr/lib/libiconv.2.dylib
0x00000000057ea000 	/System/Library/PrivateFrameworks/Heimdal.framework/Versions/A/Heimdal
0x00000000057ea000 	/usr/lib/libheimdal-asn1.dylib
0x00000000057ea000 	/System/Library/Frameworks/OpenDirectory.framework/Versions/A/OpenDirectory
0x00000000057ea000 	/System/Library/PrivateFrameworks/CommonAuth.framework/Versions/A/CommonAuth
0x00000000057ea000 	/System/Library/Frameworks/OpenDirectory.framework/Versions/A/Frameworks/CFOpenDirectory.framework/Versions/A/CFOpenDirectory
0x00000000057ea000 	/System/Library/Frameworks/SecurityFoundation.framework/Versions/A/SecurityFoundation
0x00000000057ea000 	/System/Library/PrivateFrameworks/LanguageModeling.framework/Versions/A/LanguageModeling
0x00000000057ea000 	/usr/lib/libmarisa.dylib
0x00000000057ea000 	/usr/lib/libChineseTokenizer.dylib
0x00000000057ea000 	/usr/lib/libcmph.dylib
0x00000000057ea000 	/usr/lib/libcompression.dylib
0x00000000057ea000 	/System/Library/Frameworks/ServiceManagement.framework/Versions/A/ServiceManagement
0x00000000057ea000 	/usr/lib/libxslt.1.dylib
0x00000000057ea000 	/System/Library/Frameworks/Carbon.framework/Versions/A/Frameworks/Ink.framework/Versions/A/Ink
0x00000000057ea000 	/usr/lib/libFosl_dynamic.dylib
0x00000000057ea000 	/System/Library/PrivateFrameworks/FaceCore.framework/Versions/A/FaceCore
0x00000000057ea000 	/System/Library/Frameworks/OpenCL.framework/Versions/A/OpenCL
0x00000000057ea000 	/System/Library/PrivateFrameworks/CrashReporterSupport.framework/Versions/A/CrashReporterSupport
0x00000000057ea000 	/System/Library/PrivateFrameworks/IconServices.framework/Versions/A/IconServices
0x00000000057ea000 	/System/Library/PrivateFrameworks/Apple80211.framework/Versions/A/Apple80211
0x00000000057ea000 	/System/Library/Frameworks/CoreWLAN.framework/Versions/A/CoreWLAN
0x00000000057ea000 	/System/Library/Frameworks/IOBluetooth.framework/Versions/A/IOBluetooth
0x00000000057ea000 	/System/Library/PrivateFrameworks/CoreWiFi.framework/Versions/A/CoreWiFi
0x00000000057ea000 	/System/Library/Frameworks/CoreBluetooth.framework/Versions/A/CoreBluetooth
0x00000000057ea000 	/System/Library/PrivateFrameworks/ChunkingLibrary.framework/Versions/A/ChunkingLibrary
0x00000000057ea000 	/System/Library/PrivateFrameworks/DebugSymbols.framework/Versions/A/DebugSymbols
0x00000000057ea000 	/System/Library/PrivateFrameworks/CoreSymbolication.framework/Versions/A/CoreSymbolication
0x00000000057ea000 	/System/Library/PrivateFrameworks/Symbolication.framework/Versions/A/Symbolication
0x00000000057ea000 	/System/Library/PrivateFrameworks/SpeechRecognitionCore.framework/Versions/A/SpeechRecognitionCore
0x0000000103ea9000 	/Library/Java/JavaVirtualMachines/jdk1.8.0_11.jdk/Contents/Home/jre/lib/server/libjvm.dylib
0x00000000057ea000 	/usr/lib/libstdc++.6.dylib
0x0000000104d6e000 	/Library/Java/JavaVirtualMachines/jdk1.8.0_11.jdk/Contents/Home/jre/lib/libverify.dylib
0x0000000104d7c000 	/Library/Java/JavaVirtualMachines/jdk1.8.0_11.jdk/Contents/Home/jre/lib/libjava.dylib
0x0000000104db1000 	/Library/Java/JavaVirtualMachines/jdk1.8.0_11.jdk/Contents/Home/jre/lib/libjdwp.dylib
0x0000000104dfc000 	/Library/Java/JavaVirtualMachines/jdk1.8.0_11.jdk/Contents/Home/jre/lib/libnpt.dylib
0x0000000105609000 	/Library/Java/JavaVirtualMachines/jdk1.8.0_11.jdk/Contents/Home/jre/lib/libzip.dylib
0x0000000118a09000 	/System/Library/Frameworks/JavaVM.framework/Frameworks/JavaRuntimeSupport.framework/JavaRuntimeSupport
0x0000000118a24000 	/System/Library/Frameworks/JavaVM.framework/Versions/A/Frameworks/JavaNativeFoundation.framework/Versions/A/JavaNativeFoundation
0x0000000118a39000 	/System/Library/Frameworks/JavaVM.framework/Versions/A/JavaVM
0x00000000057ea000 	/System/Library/Frameworks/Carbon.framework/Versions/A/Carbon
0x0000000118a46000 	/System/Library/PrivateFrameworks/JavaLaunching.framework/Versions/A/JavaLaunching
0x00000000057ea000 	/System/Library/Frameworks/Carbon.framework/Versions/A/Frameworks/CommonPanels.framework/Versions/A/CommonPanels
0x00000000057ea000 	/System/Library/Frameworks/Carbon.framework/Versions/A/Frameworks/Help.framework/Versions/A/Help
0x00000000057ea000 	/System/Library/Frameworks/Carbon.framework/Versions/A/Frameworks/ImageCapture.framework/Versions/A/ImageCapture
0x00000000057ea000 	/System/Library/Frameworks/Carbon.framework/Versions/A/Frameworks/OpenScripting.framework/Versions/A/OpenScripting
0x00000000057ea000 	/System/Library/Frameworks/Carbon.framework/Versions/A/Frameworks/Print.framework/Versions/A/Print
0x00000000057ea000 	/System/Library/Frameworks/Carbon.framework/Versions/A/Frameworks/SecurityHI.framework/Versions/A/SecurityHI
0x000000011a36d000 	/Library/Java/JavaVirtualMachines/jdk1.8.0_11.jdk/Contents/Home/jre/lib/libdt_socket.dylib

VM Arguments:
jvm_args: -agentlib:jdwp=transport=dt_socket,suspend=y,address=localhost:58266 -Dfile.encoding=UTF-8 
java_command: Rails
java_class_path (initial): /Users/yanjustino/Documents/workspace/ImdAlgoritimos/bin
Launcher Type: SUN_STANDARD

Environment Variables:
PATH=/usr/bin:/bin:/usr/sbin:/sbin
SHELL=/bin/zsh

Signal Handlers:
SIGSEGV: [libjvm.dylib+0x56059b], sa_mask[0]=0xfffefeff, sa_flags=0x00000043
SIGBUS: [libjvm.dylib+0x56059b], sa_mask[0]=0xfffefeff, sa_flags=0x00000042
SIGFPE: [libjvm.dylib+0x4438f2], sa_mask[0]=0xfffefeff, sa_flags=0x00000042
SIGPIPE: [libjvm.dylib+0x4438f2], sa_mask[0]=0xfffefeff, sa_flags=0x00000042
SIGXFSZ: [libjvm.dylib+0x4438f2], sa_mask[0]=0xfffefeff, sa_flags=0x00000042
SIGILL: [libjvm.dylib+0x4438f2], sa_mask[0]=0xfffefeff, sa_flags=0x00000042
SIGUSR1: SIG_DFL, sa_mask[0]=0x00000000, sa_flags=0x00000000
SIGUSR2: [libjvm.dylib+0x443410], sa_mask[0]=0x00000004, sa_flags=0x00000042
SIGHUP: [libjvm.dylib+0x44179b], sa_mask[0]=0xfffefeff, sa_flags=0x00000042
SIGINT: [libjvm.dylib+0x44179b], sa_mask[0]=0xfffefeff, sa_flags=0x00000042
SIGTERM: [libjvm.dylib+0x44179b], sa_mask[0]=0xfffefeff, sa_flags=0x00000042
SIGQUIT: [libjvm.dylib+0x44179b], sa_mask[0]=0xfffefeff, sa_flags=0x00000042


---------------  S Y S T E M  ---------------

OS:Bsduname:Darwin 15.3.0 Darwin Kernel Version 15.3.0: Thu Dec 10 18:40:58 PST 2015; root:xnu-3248.30.4~1/RELEASE_X86_64 x86_64
rlimit: STACK 8192k, CORE 0k, NPROC 709, NOFILE 10240, AS infinity
load average:2.16 2.36 2.30

CPU:total 4 (2 cores per cpu, 2 threads per core) family 6 model 69 stepping 1, cmov, cx8, fxsr, mmx, sse, sse2, sse3, ssse3, sse4.1, sse4.2, popcnt, avx, avx2, aes, clmul, erms, ht, tsc, tscinvbit

Memory: 4k page, physical 4194304k(21800k free)

/proc/meminfo:


vm_info: Java HotSpot(TM) 64-Bit Server VM (25.11-b03) for bsd-amd64 JRE (1.8.0_11-b12), built on Jun 16 2014 17:39:42 by "java_re" with gcc 4.2.1 (Based on Apple Inc. build 5658) (LLVM build 2336.11.00)

time: Fri Feb 19 18:01:24 2016
elapsed time: 1181 seconds

